<?xml version="1.0" encoding="UTF-8"?>
<!-- Generated by org.testng.reporters.JUnitXMLReporter -->
<testsuite ignored="0" hostname="Naveen-DESKTOP" failures="0" tests="1" name="Nexus Test Regression Cases" time="0.047" errors="0" timestamp="2021-06-21T12:10:13 IST">
  <testcase classname="com.nexus.testcases.NexusPricingMgrSummaryTest" name="@BeforeMethod setUp" time="0.004">
    <failure type="java.io.FileNotFoundException" message="C:\Users\DELL\eclipse-workspace\Nexus\SymbionNexusTest\src\main\java\com\nexus\config\Config.Properties (The system cannot find the path specified)">
      <![CDATA[java.io.FileNotFoundException: C:\Users\DELL\eclipse-workspace\Nexus\SymbionNexusTest\src\main\java\com\nexus\config\Config.Properties (The system cannot find the path specified)
at java.base/java.io.FileInputStream.open0(Native Method)
at java.base/java.io.FileInputStream.open(FileInputStream.java:219)
at java.base/java.io.FileInputStream.<init>(FileInputStream.java:157)
at java.base/java.io.FileInputStream.<init>(FileInputStream.java:112)
at com.nexus.pages.NexusTestBase.Home_Page_Launch(NexusTestBase.java:24)
at com.nexus.testcases.NexusPricingMgrSummaryTest.setUp(NexusPricingMgrSummaryTest.java:36)
at java.base/java.util.ArrayList.forEach(ArrayList.java:1541)
... Removed 31 stack frames]]>
    </failure>
  </testcase> <!-- @BeforeMethod setUp -->
  <testcase classname="com.nexus.testcases.NexusPricingMgrSummaryTest" name="@AfterMethod teardown" time="-1.624257613644E9">
    <skipped/>
  </testcase> <!-- @AfterMethod teardown -->
  <testcase classname="com.nexus.testcases.NexusPricingMgrSummaryTest" name="pricingMgrSummary" time="0.0">
    <skipped/>
  </testcase> <!-- pricingMgrSummary -->
</testsuite> <!-- Nexus Test Regression Cases -->
